<?xml version="1.0" encoding="UTF-8"?>
<!-- Generated by org.testng.reporters.JUnitXMLReporter -->
<testsuite ignored="0" hostname="DESKTOP-HTURD8O" failures="2" tests="2" name="Test" time="28.873" errors="0" timestamp="2025-04-14T11:43:15 IST">
  <testcase classname="DemoTestCase.TC_DemoCareboarding" name="Caregivers" time="0.007">
    <failure type="java.lang.NullPointerException" message="Cannot invoke &amp;quot;Login_page.CareboardingVisit.signInCaregiver(String)&amp;quot; because &amp;quot;this.CB&amp;quot; is null">
      <![CDATA[java.lang.NullPointerException: Cannot invoke "Login_page.CareboardingVisit.signInCaregiver(String)" because "this.CB" is null
at DemoTestCase.TC_DemoCareboarding.Caregivers(TC_DemoCareboarding.java:10)
at java.base/java.util.ArrayList.forEach(ArrayList.java:1597)
... Removed 25 stack frames]]>
    </failure>
  </testcase> <!-- Caregivers -->
  <testcase classname="DemoTestCase.TC_AppiumClass" name="MyAppium" time="0.002">
    <failure type="java.lang.NullPointerException" message="Cannot invoke &amp;quot;Login_page.Appium_Class.ClicktheTodaySchedulebtn()&amp;quot; because &amp;quot;this.AP&amp;quot; is null">
      <![CDATA[java.lang.NullPointerException: Cannot invoke "Login_page.Appium_Class.ClicktheTodaySchedulebtn()" because "this.AP" is null
at DemoTestCase.TC_AppiumClass.MyAppium(TC_AppiumClass.java:15)
at java.base/java.util.ArrayList.forEach(ArrayList.java:1597)
... Removed 25 stack frames]]>
    </failure>
  </testcase> <!-- MyAppium -->
</testsuite> <!-- Test -->
