<?xml version="1.0" encoding="UTF-8"?>
<testng-results ignored="0" total="1" passed="1" failed="0" skipped="0">
  <reporter-output>
  </reporter-output>
  <suite started-at="2025-04-15T16:48:56 IST" name="Default suite" finished-at="2025-04-15T16:49:25 IST" duration-ms="29033">
    <groups>
    </groups>
    <test started-at="2025-04-15T16:48:56 IST" name="Default test" finished-at="2025-04-15T16:49:25 IST" duration-ms="29033">
      <class name="DemoTestCase.TC_EmailTransfer">
        <test-method is-config="true" signature="setup()[pri:0, instance:DemoTestCase.TC_EmailTransfer@4116aac9]" started-at="2025-04-15T16:48:56 IST" name="setup" finished-at="2025-04-15T16:48:56 IST" duration-ms="4" status="PASS">
          <reporter-output>
          </reporter-output>
        </test-method> <!-- setup -->
        <test-method signature="runEmailTransferTest()[pri:0, instance:DemoTestCase.TC_EmailTransfer@4116aac9]" started-at="2025-04-15T16:48:56 IST" name="runEmailTransferTest" finished-at="2025-04-15T16:49:24 IST" duration-ms="27791" status="PASS">
          <reporter-output>
          </reporter-output>
        </test-method> <!-- runEmailTransferTest -->
        <test-method is-config="true" signature="tearDown()[pri:0, instance:DemoTestCase.TC_EmailTransfer@4116aac9]" started-at="2025-04-15T16:49:24 IST" name="tearDown" finished-at="2025-04-15T16:49:25 IST" duration-ms="1221" status="PASS">
          <reporter-output>
          </reporter-output>
        </test-method> <!-- tearDown -->
      </class> <!-- DemoTestCase.TC_EmailTransfer -->
    </test> <!-- Default test -->
  </suite> <!-- Default suite -->
</testng-results>
